<?xml version="1.0" encoding="UTF-8"?>
<!-- Generated by org.testng.reporters.JUnitReportReporter -->
<testsuite hostname="Abdul_Rahuman" failures="0" tests="2" name="testCases.ManageProductPageTest" time="3.889" errors="0" timestamp="2024-08-29T07:18:03 IST" skipped="1">
  <testcase classname="testCases.ManageProductPageTest" name="verifyListProductPage" time="3.889"/>
  <system-out/>
  <testcase classname="testCases.ManageProductPageTest" name="verifyAddProductPage">
    <skipped/>
  </testcase> <!-- verifyAddProductPage -->
  <system-out/>
</testsuite> <!-- testCases.ManageProductPageTest -->
