<?xml version="1.0" encoding="UTF-8"?>
<!-- Generated by org.testng.reporters.JUnitReportReporter -->
<testsuite hostname="Abdul_Rahuman" failures="0" tests="2" name="testCases.ManageProductPageTest" time="8.404" errors="0" timestamp="2024-09-02T22:57:49 IST" skipped="1">
  <testcase classname="testCases.ManageProductPageTest" name="verifyListProductPage" time="8.404"/>
  <system-out/>
  <testcase classname="testCases.ManageProductPageTest" name="verifyAddProductPage">
    <skipped/>
  </testcase> <!-- verifyAddProductPage -->
  <system-out/>
</testsuite> <!-- testCases.ManageProductPageTest -->
